  pch.cpp
  GPMinit.cpp
  GPMinterface.cpp
  GPMkdtree.cpp
  GPMmain.cpp
  MinCost.cpp
  misc.cpp
E:\Documents\Škola\Výška\Bakalářská práce\Thesis\PMDLL\blossomV\misc.cpp(110,37): warning C4244: 'initializing': conversion from 'double' to 'PerfectMatching::REAL', possible loss of data
  PMduals.cpp
  PMexpand.cpp
  PMinit.cpp
  PMinterface.cpp
  PMmain.cpp
  PMrepair.cpp
  PMshrink.cpp
  PMSolver.cpp
E:\Documents\Škola\Výška\Bakalářská práce\Thesis\PMDLL\blossomV\PMSolver.cpp(85,86): warning C4244: 'argument': conversion from 'double' to 'PerfectMatching::REAL', possible loss of data
  Generating Code...
  dllmain.cpp
     Creating library E:\Documents\Škola\Výška\Bakalářská práce\Thesis\PMDLL\x64\Debug\PMDLL.lib and object E:\Documents\Škola\Výška\Bakalářská práce\Thesis\PMDLL\x64\Debug\PMDLL.exp
  PMDLL.vcxproj -> E:\Documents\Škola\Výška\Bakalářská práce\Thesis\PMDLL\x64\Debug\PMDLL.dll
