d:\documents\vyska\thesis\pmdll\pmdll\x64\release\pmdll.pch
d:\documents\vyska\thesis\pmdll\pmdll\x64\release\vc143.pdb
d:\documents\vyska\thesis\pmdll\pmdll\x64\release\pch.obj
d:\documents\vyska\thesis\pmdll\pmdll\x64\release\pmsolver.obj
d:\documents\vyska\thesis\pmdll\pmdll\x64\release\pmshrink.obj
d:\documents\vyska\thesis\pmdll\pmdll\x64\release\pmrepair.obj
d:\documents\vyska\thesis\pmdll\pmdll\x64\release\pmmain.obj
d:\documents\vyska\thesis\pmdll\pmdll\x64\release\pminterface.obj
d:\documents\vyska\thesis\pmdll\pmdll\x64\release\pminit.obj
d:\documents\vyska\thesis\pmdll\pmdll\x64\release\pmexpand.obj
d:\documents\vyska\thesis\pmdll\pmdll\x64\release\pmduals.obj
d:\documents\vyska\thesis\pmdll\pmdll\x64\release\misc.obj
d:\documents\vyska\thesis\pmdll\pmdll\x64\release\mincost.obj
d:\documents\vyska\thesis\pmdll\pmdll\x64\release\gpmmain.obj
d:\documents\vyska\thesis\pmdll\pmdll\x64\release\gpmkdtree.obj
d:\documents\vyska\thesis\pmdll\pmdll\x64\release\gpminterface.obj
d:\documents\vyska\thesis\pmdll\pmdll\x64\release\gpminit.obj
d:\documents\vyska\thesis\pmdll\pmdll\x64\release\dllmain.obj
e:\documents\škola\výška\bakalářská práce\thesis\pmdll\x64\release\pmdll.lib
e:\documents\škola\výška\bakalářská práce\thesis\pmdll\x64\release\pmdll.exp
d:\documents\vyska\thesis\pmdll\x64\release\pmdll.dll
d:\documents\vyska\thesis\pmdll\pmdll\x64\release\pmdll.ipdb
d:\documents\vyska\thesis\pmdll\x64\release\pmdll.pdb
d:\documents\vyska\thesis\pmdll\pmdll\x64\release\pmdll.iobj
d:\documents\vyska\thesis\pmdll\x64\release\pmdll.lib
d:\documents\vyska\thesis\pmdll\x64\release\pmdll.exp
d:\documents\vyska\thesis\pmdll\pmdll\x64\release\pmdll.tlog\cl.command.1.tlog
d:\documents\vyska\thesis\pmdll\pmdll\x64\release\pmdll.tlog\cl.items.tlog
d:\documents\vyska\thesis\pmdll\pmdll\x64\release\pmdll.tlog\cl.read.1.tlog
d:\documents\vyska\thesis\pmdll\pmdll\x64\release\pmdll.tlog\cl.write.1.tlog
d:\documents\vyska\thesis\pmdll\pmdll\x64\release\pmdll.tlog\link.command.1.tlog
d:\documents\vyska\thesis\pmdll\pmdll\x64\release\pmdll.tlog\link.read.1.tlog
d:\documents\vyska\thesis\pmdll\pmdll\x64\release\pmdll.tlog\link.write.1.tlog
d:\documents\vyska\thesis\pmdll\pmdll\x64\release\pmdll.tlog\link.write.2u.tlog
